{"C:\\Users\\Jeferson Lima\\Desktop\\trabalho\\Projetos\\Meu Sistema PSI\\src\\lib\\supabase.js": {"path":"C:\\Users\\Jeferson Lima\\Desktop\\trabalho\\Projetos\\Meu Sistema PSI\\src\\lib\\supabase.js","statementMap":{"0":{"start":{"line":4,"column":20},"end":{"line":4,"column":53}},"1":{"start":{"line":5,"column":24},"end":{"line":5,"column":62}},"2":{"start":{"line":7,"column":0},"end":{"line":25,"column":null}},"3":{"start":{"line":8,"column":4},"end":{"line":13,"column":null}},"4":{"start":{"line":15,"column":21},"end":{"line":15,"column":50}},"5":{"start":{"line":16,"column":4},"end":{"line":16,"column":null}},"6":{"start":{"line":17,"column":4},"end":{"line":23,"column":null}},"7":{"start":{"line":24,"column":4},"end":{"line":24,"column":null}},"8":{"start":{"line":27,"column":23},"end":{"line":37,"column":1}}},"fnMap":{},"branchMap":{"0":{"loc":{"start":{"line":7,"column":0},"end":{"line":25,"column":null}},"type":"if","locations":[{"start":{"line":7,"column":0},"end":{"line":25,"column":null}},{"start":{},"end":{}}],"line":7},"1":{"loc":{"start":{"line":7,"column":4},"end":{"line":7,"column":36}},"type":"binary-expr","locations":[{"start":{"line":7,"column":4},"end":{"line":7,"column":16}},{"start":{"line":7,"column":20},"end":{"line":7,"column":36}}],"line":7},"2":{"loc":{"start":{"line":10,"column":30},"end":{"line":10,"column":61}},"type":"cond-expr","locations":[{"start":{"line":10,"column":44},"end":{"line":10,"column":47}},{"start":{"line":10,"column":50},"end":{"line":10,"column":61}}],"line":10},"3":{"loc":{"start":{"line":11,"column":35},"end":{"line":11,"column":70}},"type":"cond-expr","locations":[{"start":{"line":11,"column":53},"end":{"line":11,"column":56}},{"start":{"line":11,"column":59},"end":{"line":11,"column":70}}],"line":11},"4":{"loc":{"start":{"line":28,"column":4},"end":{"line":28,"column":52}},"type":"binary-expr","locations":[{"start":{"line":28,"column":4},"end":{"line":28,"column":15}},{"start":{"line":28,"column":19},"end":{"line":28,"column":52}}],"line":28},"5":{"loc":{"start":{"line":29,"column":4},"end":{"line":29,"column":40}},"type":"binary-expr","locations":[{"start":{"line":29,"column":4},"end":{"line":29,"column":19}},{"start":{"line":29,"column":23},"end":{"line":29,"column":40}}],"line":29}},"s":{"0":1,"1":1,"2":1,"3":0,"4":0,"5":0,"6":0,"7":0,"8":1},"f":{},"b":{"0":[0,1],"1":[1,1],"2":[0,0],"3":[0,0],"4":[1,0],"5":[1,0]},"meta":{"lastBranch":6,"lastFunction":0,"lastStatement":9,"seen":{"s:4:20:4:53":0,"s:5:24:5:62":1,"b:7:0:25:Infinity:undefined:undefined:undefined:undefined":0,"s:7:0:25:Infinity":2,"b:7:4:7:16:7:20:7:36":1,"s:8:4:13:Infinity":3,"b:10:44:10:47:10:50:10:61":2,"b:11:53:11:56:11:59:11:70":3,"s:15:21:15:50":4,"s:16:4:16:Infinity":5,"s:17:4:23:Infinity":6,"s:24:4:24:Infinity":7,"s:27:23:37:1":8,"b:28:4:28:15:28:19:28:52":4,"b:29:4:29:19:29:23:29:40":5}}}
,"C:\\Users\\Jeferson Lima\\Desktop\\trabalho\\Projetos\\Meu Sistema PSI\\src\\utils\\db.js": {"path":"C:\\Users\\Jeferson Lima\\Desktop\\trabalho\\Projetos\\Meu Sistema PSI\\src\\utils\\db.js","statementMap":{"0":{"start":{"line":12,"column":8},"end":{"line":24,"column":null}},"1":{"start":{"line":28,"column":8},"end":{"line":28,"column":null}},"2":{"start":{"line":32,"column":22},"end":{"line":32,"column":56}},"3":{"start":{"line":33,"column":32},"end":{"line":35,"column":24}},"4":{"start":{"line":37,"column":8},"end":{"line":37,"column":null}},"5":{"start":{"line":37,"column":19},"end":{"line":37,"column":null}},"6":{"start":{"line":38,"column":8},"end":{"line":38,"column":null}},"7":{"start":{"line":38,"column":40},"end":{"line":38,"column":65}},"8":{"start":{"line":42,"column":22},"end":{"line":42,"column":56}},"9":{"start":{"line":43,"column":32},"end":{"line":47,"column":21}},"10":{"start":{"line":49,"column":8},"end":{"line":49,"column":null}},"11":{"start":{"line":49,"column":19},"end":{"line":49,"column":null}},"12":{"start":{"line":50,"column":8},"end":{"line":50,"column":null}},"13":{"start":{"line":54,"column":22},"end":{"line":54,"column":56}},"14":{"start":{"line":55,"column":24},"end":{"line":55,"column":43}},"15":{"start":{"line":56,"column":24},"end":{"line":58,"column":44}},"16":{"start":{"line":57,"column":28},"end":{"line":57,"column":55}},"17":{"start":{"line":60,"column":22},"end":{"line":60,"column":89}},"18":{"start":{"line":63,"column":32},"end":{"line":63,"column":76}},"19":{"start":{"line":65,"column":8},"end":{"line":69,"column":null}},"20":{"start":{"line":66,"column":12},"end":{"line":66,"column":null}},"21":{"start":{"line":67,"column":12},"end":{"line":67,"column":null}},"22":{"start":{"line":68,"column":12},"end":{"line":68,"column":null}},"23":{"start":{"line":71,"column":8},"end":{"line":73,"column":null}},"24":{"start":{"line":72,"column":28},"end":{"line":72,"column":50}},"25":{"start":{"line":77,"column":22},"end":{"line":77,"column":56}},"26":{"start":{"line":78,"column":24},"end":{"line":78,"column":57}},"27":{"start":{"line":80,"column":32},"end":{"line":85,"column":21}},"28":{"start":{"line":87,"column":8},"end":{"line":87,"column":null}},"29":{"start":{"line":87,"column":19},"end":{"line":87,"column":null}},"30":{"start":{"line":88,"column":8},"end":{"line":88,"column":null}},"31":{"start":{"line":92,"column":22},"end":{"line":92,"column":56}},"32":{"start":{"line":93,"column":26},"end":{"line":96,"column":25}},"33":{"start":{"line":98,"column":8},"end":{"line":98,"column":null}},"34":{"start":{"line":98,"column":19},"end":{"line":98,"column":null}},"35":{"start":{"line":99,"column":8},"end":{"line":99,"column":null}},"36":{"start":{"line":107,"column":28},"end":{"line":107,"column":86}},"37":{"start":{"line":109,"column":24},"end":{"line":123,"column":9}},"38":{"start":{"line":125,"column":8},"end":{"line":125,"column":null}},"39":{"start":{"line":132,"column":8},"end":{"line":132,"column":null}},"40":{"start":{"line":132,"column":19},"end":{"line":132,"column":null}},"41":{"start":{"line":134,"column":25},"end":{"line":218,"column":9}},"42":{"start":{"line":220,"column":31},"end":{"line":220,"column":61}},"43":{"start":{"line":221,"column":26},"end":{"line":221,"column":110}},"44":{"start":{"line":224,"column":30},"end":{"line":257,"column":9}},"45":{"start":{"line":259,"column":32},"end":{"line":259,"column":58}},"46":{"start":{"line":261,"column":24},"end":{"line":261,"column":26}},"47":{"start":{"line":262,"column":8},"end":{"line":275,"column":null}},"48":{"start":{"line":264,"column":12},"end":{"line":264,"column":null}},"49":{"start":{"line":264,"column":78},"end":{"line":264,"column":null}},"50":{"start":{"line":266,"column":33},"end":{"line":266,"column":92}},"51":{"start":{"line":266,"column":65},"end":{"line":266,"column":91}},"52":{"start":{"line":267,"column":26},"end":{"line":267,"column":79}},"53":{"start":{"line":270,"column":12},"end":{"line":274,"column":null}},"54":{"start":{"line":271,"column":16},"end":{"line":271,"column":null}},"55":{"start":{"line":272,"column":19},"end":{"line":274,"column":null}},"56":{"start":{"line":273,"column":16},"end":{"line":273,"column":null}},"57":{"start":{"line":277,"column":8},"end":{"line":277,"column":null}},"58":{"start":{"line":284,"column":8},"end":{"line":284,"column":null}},"59":{"start":{"line":284,"column":19},"end":{"line":284,"column":null}},"60":{"start":{"line":285,"column":23},"end":{"line":285,"column":34}},"61":{"start":{"line":287,"column":32},"end":{"line":389,"column":9}},"62":{"start":{"line":392,"column":8},"end":{"line":397,"column":null}},"63":{"start":{"line":393,"column":29},"end":{"line":393,"column":78}},"64":{"start":{"line":393,"column":59},"end":{"line":393,"column":77}},"65":{"start":{"line":394,"column":12},"end":{"line":396,"column":null}},"66":{"start":{"line":395,"column":16},"end":{"line":395,"column":null}},"67":{"start":{"line":399,"column":8},"end":{"line":408,"column":null}},"68":{"start":{"line":400,"column":12},"end":{"line":407,"column":null}},"69":{"start":{"line":401,"column":34},"end":{"line":401,"column":54}},"70":{"start":{"line":402,"column":16},"end":{"line":402,"column":null}},"71":{"start":{"line":405,"column":16},"end":{"line":405,"column":null}},"72":{"start":{"line":405,"column":47},"end":{"line":405,"column":null}},"73":{"start":{"line":406,"column":16},"end":{"line":406,"column":null}},"74":{"start":{"line":406,"column":47},"end":{"line":406,"column":null}},"75":{"start":{"line":411,"column":8},"end":{"line":411,"column":null}},"76":{"start":{"line":411,"column":53},"end":{"line":411,"column":null}},"77":{"start":{"line":412,"column":8},"end":{"line":412,"column":null}},"78":{"start":{"line":412,"column":53},"end":{"line":412,"column":null}},"79":{"start":{"line":414,"column":8},"end":{"line":414,"column":null}},"80":{"start":{"line":418,"column":18},"end":{"line":418,"column":34}}},"fnMap":{"0":{"name":"(anonymous_0)","decl":{"start":{"line":11,"column":4},"end":{"line":11,"column":15}},"loc":{"start":{"line":11,"column":18},"end":{"line":25,"column":null}},"line":11},"1":{"name":"(anonymous_1)","decl":{"start":{"line":27,"column":4},"end":{"line":27,"column":17}},"loc":{"start":{"line":27,"column":24},"end":{"line":29,"column":null}},"line":27},"2":{"name":"(anonymous_2)","decl":{"start":{"line":31,"column":10},"end":{"line":31,"column":14}},"loc":{"start":{"line":31,"column":31},"end":{"line":39,"column":null}},"line":31},"3":{"name":"(anonymous_3)","decl":{"start":{"line":38,"column":32},"end":{"line":38,"column":36}},"loc":{"start":{"line":38,"column":40},"end":{"line":38,"column":65}},"line":38},"4":{"name":"(anonymous_4)","decl":{"start":{"line":41,"column":10},"end":{"line":41,"column":17}},"loc":{"start":{"line":41,"column":38},"end":{"line":51,"column":null}},"line":41},"5":{"name":"(anonymous_5)","decl":{"start":{"line":53,"column":10},"end":{"line":53,"column":16}},"loc":{"start":{"line":53,"column":39},"end":{"line":74,"column":null}},"line":53},"6":{"name":"(anonymous_6)","decl":{"start":{"line":57,"column":23},"end":{"line":57,"column":24}},"loc":{"start":{"line":57,"column":28},"end":{"line":57,"column":55}},"line":57},"7":{"name":"(anonymous_7)","decl":{"start":{"line":72,"column":23},"end":{"line":72,"column":24}},"loc":{"start":{"line":72,"column":28},"end":{"line":72,"column":50}},"line":72},"8":{"name":"(anonymous_8)","decl":{"start":{"line":76,"column":10},"end":{"line":76,"column":16}},"loc":{"start":{"line":76,"column":46},"end":{"line":89,"column":null}},"line":76},"9":{"name":"(anonymous_9)","decl":{"start":{"line":91,"column":10},"end":{"line":91,"column":16}},"loc":{"start":{"line":91,"column":37},"end":{"line":100,"column":null}},"line":91},"10":{"name":"(anonymous_10)","decl":{"start":{"line":106,"column":4},"end":{"line":106,"column":22}},"loc":{"start":{"line":106,"column":30},"end":{"line":126,"column":null}},"line":106},"11":{"name":"(anonymous_11)","decl":{"start":{"line":131,"column":4},"end":{"line":131,"column":16}},"loc":{"start":{"line":131,"column":30},"end":{"line":278,"column":null}},"line":131},"12":{"name":"(anonymous_12)","decl":{"start":{"line":262,"column":34},"end":{"line":262,"column":37}},"loc":{"start":{"line":262,"column":41},"end":{"line":275,"column":9}},"line":262},"13":{"name":"(anonymous_13)","decl":{"start":{"line":266,"column":55},"end":{"line":266,"column":61}},"loc":{"start":{"line":266,"column":65},"end":{"line":266,"column":91}},"line":266},"14":{"name":"(anonymous_14)","decl":{"start":{"line":283,"column":4},"end":{"line":283,"column":18}},"loc":{"start":{"line":283,"column":25},"end":{"line":415,"column":null}},"line":283},"15":{"name":"(anonymous_15)","decl":{"start":{"line":392,"column":34},"end":{"line":392,"column":37}},"loc":{"start":{"line":392,"column":41},"end":{"line":397,"column":9}},"line":392},"16":{"name":"(anonymous_16)","decl":{"start":{"line":393,"column":54},"end":{"line":393,"column":55}},"loc":{"start":{"line":393,"column":59},"end":{"line":393,"column":77}},"line":393},"17":{"name":"(anonymous_17)","decl":{"start":{"line":399,"column":45},"end":{"line":399,"column":48}},"loc":{"start":{"line":399,"column":52},"end":{"line":408,"column":9}},"line":399}},"branchMap":{"0":{"loc":{"start":{"line":28,"column":15},"end":{"line":28,"column":42}},"type":"binary-expr","locations":[{"start":{"line":28,"column":15},"end":{"line":28,"column":34}},{"start":{"line":28,"column":38},"end":{"line":28,"column":42}}],"line":28},"1":{"loc":{"start":{"line":37,"column":8},"end":{"line":37,"column":null}},"type":"if","locations":[{"start":{"line":37,"column":8},"end":{"line":37,"column":null}},{"start":{},"end":{}}],"line":37},"2":{"loc":{"start":{"line":38,"column":16},"end":{"line":38,"column":26}},"type":"binary-expr","locations":[{"start":{"line":38,"column":16},"end":{"line":38,"column":20}},{"start":{"line":38,"column":24},"end":{"line":38,"column":26}}],"line":38},"3":{"loc":{"start":{"line":49,"column":8},"end":{"line":49,"column":null}},"type":"if","locations":[{"start":{"line":49,"column":8},"end":{"line":49,"column":null}},{"start":{},"end":{}}],"line":49},"4":{"loc":{"start":{"line":56,"column":24},"end":{"line":58,"column":44}},"type":"cond-expr","locations":[{"start":{"line":57,"column":14},"end":{"line":57,"column":null}},{"start":{"line":58,"column":14},"end":{"line":58,"column":44}}],"line":56},"5":{"loc":{"start":{"line":60,"column":50},"end":{"line":60,"column":79}},"type":"cond-expr","locations":[{"start":{"line":60,"column":60},"end":{"line":60,"column":67}},{"start":{"line":60,"column":70},"end":{"line":60,"column":79}}],"line":60},"6":{"loc":{"start":{"line":63,"column":32},"end":{"line":63,"column":76}},"type":"cond-expr","locations":[{"start":{"line":63,"column":42},"end":{"line":63,"column":53}},{"start":{"line":63,"column":56},"end":{"line":63,"column":76}}],"line":63},"7":{"loc":{"start":{"line":65,"column":8},"end":{"line":69,"column":null}},"type":"if","locations":[{"start":{"line":65,"column":8},"end":{"line":69,"column":null}},{"start":{},"end":{}}],"line":65},"8":{"loc":{"start":{"line":71,"column":15},"end":{"line":73,"column":39}},"type":"cond-expr","locations":[{"start":{"line":72,"column":14},"end":{"line":72,"column":null}},{"start":{"line":73,"column":14},"end":{"line":73,"column":39}}],"line":71},"9":{"loc":{"start":{"line":87,"column":8},"end":{"line":87,"column":null}},"type":"if","locations":[{"start":{"line":87,"column":8},"end":{"line":87,"column":null}},{"start":{},"end":{}}],"line":87},"10":{"loc":{"start":{"line":98,"column":8},"end":{"line":98,"column":null}},"type":"if","locations":[{"start":{"line":98,"column":8},"end":{"line":98,"column":null}},{"start":{},"end":{}}],"line":98},"11":{"loc":{"start":{"line":125,"column":15},"end":{"line":125,"column":35}},"type":"binary-expr","locations":[{"start":{"line":125,"column":15},"end":{"line":125,"column":29}},{"start":{"line":125,"column":33},"end":{"line":125,"column":35}}],"line":125},"12":{"loc":{"start":{"line":132,"column":8},"end":{"line":132,"column":null}},"type":"if","locations":[{"start":{"line":132,"column":8},"end":{"line":132,"column":null}},{"start":{},"end":{}}],"line":132},"13":{"loc":{"start":{"line":259,"column":32},"end":{"line":259,"column":58}},"type":"binary-expr","locations":[{"start":{"line":259,"column":32},"end":{"line":259,"column":52}},{"start":{"line":259,"column":56},"end":{"line":259,"column":58}}],"line":259},"14":{"loc":{"start":{"line":264,"column":12},"end":{"line":264,"column":null}},"type":"if","locations":[{"start":{"line":264,"column":12},"end":{"line":264,"column":null}},{"start":{},"end":{}}],"line":264},"15":{"loc":{"start":{"line":264,"column":16},"end":{"line":264,"column":76}},"type":"binary-expr","locations":[{"start":{"line":264,"column":16},"end":{"line":264,"column":39}},{"start":{"line":264,"column":43},"end":{"line":264,"column":76}}],"line":264},"16":{"loc":{"start":{"line":267,"column":26},"end":{"line":267,"column":79}},"type":"binary-expr","locations":[{"start":{"line":267,"column":26},"end":{"line":267,"column":46}},{"start":{"line":267,"column":50},"end":{"line":267,"column":63}},{"start":{"line":267,"column":67},"end":{"line":267,"column":79}}],"line":267},"17":{"loc":{"start":{"line":270,"column":12},"end":{"line":274,"column":null}},"type":"if","locations":[{"start":{"line":270,"column":12},"end":{"line":274,"column":null}},{"start":{"line":272,"column":19},"end":{"line":274,"column":null}}],"line":270},"18":{"loc":{"start":{"line":272,"column":19},"end":{"line":274,"column":null}},"type":"if","locations":[{"start":{"line":272,"column":19},"end":{"line":274,"column":null}},{"start":{},"end":{}}],"line":272},"19":{"loc":{"start":{"line":284,"column":8},"end":{"line":284,"column":null}},"type":"if","locations":[{"start":{"line":284,"column":8},"end":{"line":284,"column":null}},{"start":{},"end":{}}],"line":284},"20":{"loc":{"start":{"line":394,"column":12},"end":{"line":396,"column":null}},"type":"if","locations":[{"start":{"line":394,"column":12},"end":{"line":396,"column":null}},{"start":{},"end":{}}],"line":394},"21":{"loc":{"start":{"line":394,"column":16},"end":{"line":394,"column":66}},"type":"binary-expr","locations":[{"start":{"line":394,"column":16},"end":{"line":394,"column":32}},{"start":{"line":394,"column":36},"end":{"line":394,"column":66}}],"line":394},"22":{"loc":{"start":{"line":400,"column":12},"end":{"line":407,"column":null}},"type":"if","locations":[{"start":{"line":400,"column":12},"end":{"line":407,"column":null}},{"start":{},"end":{}}],"line":400},"23":{"loc":{"start":{"line":405,"column":16},"end":{"line":405,"column":null}},"type":"if","locations":[{"start":{"line":405,"column":16},"end":{"line":405,"column":null}},{"start":{},"end":{}}],"line":405},"24":{"loc":{"start":{"line":406,"column":16},"end":{"line":406,"column":null}},"type":"if","locations":[{"start":{"line":406,"column":16},"end":{"line":406,"column":null}},{"start":{},"end":{}}],"line":406},"25":{"loc":{"start":{"line":411,"column":8},"end":{"line":411,"column":null}},"type":"if","locations":[{"start":{"line":411,"column":8},"end":{"line":411,"column":null}},{"start":{},"end":{}}],"line":411},"26":{"loc":{"start":{"line":411,"column":12},"end":{"line":411,"column":51}},"type":"binary-expr","locations":[{"start":{"line":411,"column":12},"end":{"line":411,"column":31}},{"start":{"line":411,"column":35},"end":{"line":411,"column":51}}],"line":411},"27":{"loc":{"start":{"line":412,"column":8},"end":{"line":412,"column":null}},"type":"if","locations":[{"start":{"line":412,"column":8},"end":{"line":412,"column":null}},{"start":{},"end":{}}],"line":412},"28":{"loc":{"start":{"line":412,"column":12},"end":{"line":412,"column":51}},"type":"binary-expr","locations":[{"start":{"line":412,"column":12},"end":{"line":412,"column":29}},{"start":{"line":412,"column":33},"end":{"line":412,"column":51}}],"line":412}},"s":{"0":1,"1":0,"2":0,"3":0,"4":0,"5":0,"6":0,"7":0,"8":0,"9":0,"10":0,"11":0,"12":0,"13":0,"14":0,"15":0,"16":0,"17":0,"18":0,"19":0,"20":0,"21":0,"22":0,"23":0,"24":0,"25":0,"26":0,"27":0,"28":0,"29":0,"30":0,"31":0,"32":0,"33":0,"34":0,"35":0,"36":3,"37":3,"38":3,"39":3,"40":0,"41":3,"42":3,"43":3,"44":3,"45":3,"46":3,"47":3,"48":7,"49":0,"50":7,"51":4,"52":7,"53":7,"54":6,"55":1,"56":0,"57":3,"58":3,"59":0,"60":3,"61":3,"62":3,"63":4,"64":6,"65":4,"66":4,"67":3,"68":300,"69":3,"70":3,"71":3,"72":0,"73":3,"74":0,"75":3,"76":2,"77":3,"78":0,"79":3,"80":1},"f":{"0":1,"1":0,"2":0,"3":0,"4":0,"5":0,"6":0,"7":0,"8":0,"9":0,"10":3,"11":3,"12":7,"13":4,"14":3,"15":4,"16":6,"17":300},"b":{"0":[0,0],"1":[0,0],"2":[0,0],"3":[0,0],"4":[0,0],"5":[0,0],"6":[0,0],"7":[0,0],"8":[0,0],"9":[0,0],"10":[0,0],"11":[3,0],"12":[0,3],"13":[3,2],"14":[0,7],"15":[7,7],"16":[7,5,2],"17":[6,1],"18":[0,1],"19":[0,3],"20":[4,0],"21":[4,4],"22":[3,297],"23":[0,3],"24":[0,3],"25":[2,1],"26":[3,2],"27":[0,3],"28":[3,0]},"meta":{"lastBranch":29,"lastFunction":18,"lastStatement":81,"seen":{"f:11:4:11:15":0,"s:12:8:24:Infinity":0,"f:27:4:27:17":1,"s:28:8:28:Infinity":1,"b:28:15:28:34:28:38:28:42":0,"f:31:10:31:14":2,"s:32:22:32:56":2,"s:33:32:35:24":3,"b:37:8:37:Infinity:undefined:undefined:undefined:undefined":1,"s:37:8:37:Infinity":4,"s:37:19:37:Infinity":5,"s:38:8:38:Infinity":6,"b:38:16:38:20:38:24:38:26":2,"f:38:32:38:36":3,"s:38:40:38:65":7,"f:41:10:41:17":4,"s:42:22:42:56":8,"s:43:32:47:21":9,"b:49:8:49:Infinity:undefined:undefined:undefined:undefined":3,"s:49:8:49:Infinity":10,"s:49:19:49:Infinity":11,"s:50:8:50:Infinity":12,"f:53:10:53:16":5,"s:54:22:54:56":13,"s:55:24:55:43":14,"s:56:24:58:44":15,"b:57:14:57:Infinity:58:14:58:44":4,"f:57:23:57:24":6,"s:57:28:57:55":16,"s:60:22:60:89":17,"b:60:60:60:67:60:70:60:79":5,"s:63:32:63:76":18,"b:63:42:63:53:63:56:63:76":6,"b:65:8:69:Infinity:undefined:undefined:undefined:undefined":7,"s:65:8:69:Infinity":19,"s:66:12:66:Infinity":20,"s:67:12:67:Infinity":21,"s:68:12:68:Infinity":22,"s:71:8:73:Infinity":23,"b:72:14:72:Infinity:73:14:73:39":8,"f:72:23:72:24":7,"s:72:28:72:50":24,"f:76:10:76:16":8,"s:77:22:77:56":25,"s:78:24:78:57":26,"s:80:32:85:21":27,"b:87:8:87:Infinity:undefined:undefined:undefined:undefined":9,"s:87:8:87:Infinity":28,"s:87:19:87:Infinity":29,"s:88:8:88:Infinity":30,"f:91:10:91:16":9,"s:92:22:92:56":31,"s:93:26:96:25":32,"b:98:8:98:Infinity:undefined:undefined:undefined:undefined":10,"s:98:8:98:Infinity":33,"s:98:19:98:Infinity":34,"s:99:8:99:Infinity":35,"f:106:4:106:22":10,"s:107:28:107:86":36,"s:109:24:123:9":37,"s:125:8:125:Infinity":38,"b:125:15:125:29:125:33:125:35":11,"f:131:4:131:16":11,"b:132:8:132:Infinity:undefined:undefined:undefined:undefined":12,"s:132:8:132:Infinity":39,"s:132:19:132:Infinity":40,"s:134:25:218:9":41,"s:220:31:220:61":42,"s:221:26:221:110":43,"s:224:30:257:9":44,"s:259:32:259:58":45,"b:259:32:259:52:259:56:259:58":13,"s:261:24:261:26":46,"s:262:8:275:Infinity":47,"f:262:34:262:37":12,"b:264:12:264:Infinity:undefined:undefined:undefined:undefined":14,"s:264:12:264:Infinity":48,"b:264:16:264:39:264:43:264:76":15,"s:264:78:264:Infinity":49,"s:266:33:266:92":50,"f:266:55:266:61":13,"s:266:65:266:91":51,"s:267:26:267:79":52,"b:267:26:267:46:267:50:267:63:267:67:267:79":16,"b:270:12:274:Infinity:272:19:274:Infinity":17,"s:270:12:274:Infinity":53,"s:271:16:271:Infinity":54,"b:272:19:274:Infinity:undefined:undefined:undefined:undefined":18,"s:272:19:274:Infinity":55,"s:273:16:273:Infinity":56,"s:277:8:277:Infinity":57,"f:283:4:283:18":14,"b:284:8:284:Infinity:undefined:undefined:undefined:undefined":19,"s:284:8:284:Infinity":58,"s:284:19:284:Infinity":59,"s:285:23:285:34":60,"s:287:32:389:9":61,"s:392:8:397:Infinity":62,"f:392:34:392:37":15,"s:393:29:393:78":63,"f:393:54:393:55":16,"s:393:59:393:77":64,"b:394:12:396:Infinity:undefined:undefined:undefined:undefined":20,"s:394:12:396:Infinity":65,"b:394:16:394:32:394:36:394:66":21,"s:395:16:395:Infinity":66,"s:399:8:408:Infinity":67,"f:399:45:399:48":17,"b:400:12:407:Infinity:undefined:undefined:undefined:undefined":22,"s:400:12:407:Infinity":68,"s:401:34:401:54":69,"s:402:16:402:Infinity":70,"b:405:16:405:Infinity:undefined:undefined:undefined:undefined":23,"s:405:16:405:Infinity":71,"s:405:47:405:Infinity":72,"b:406:16:406:Infinity:undefined:undefined:undefined:undefined":24,"s:406:16:406:Infinity":73,"s:406:47:406:Infinity":74,"b:411:8:411:Infinity:undefined:undefined:undefined:undefined":25,"s:411:8:411:Infinity":75,"b:411:12:411:31:411:35:411:51":26,"s:411:53:411:Infinity":76,"b:412:8:412:Infinity:undefined:undefined:undefined:undefined":27,"s:412:8:412:Infinity":77,"b:412:12:412:29:412:33:412:51":28,"s:412:53:412:Infinity":78,"s:414:8:414:Infinity":79,"s:418:18:418:34":80}}}
,"C:\\Users\\Jeferson Lima\\Desktop\\trabalho\\Projetos\\Meu Sistema PSI\\src\\utils\\formatters.js": {"path":"C:\\Users\\Jeferson Lima\\Desktop\\trabalho\\Projetos\\Meu Sistema PSI\\src\\utils\\formatters.js","statementMap":{"0":{"start":{"line":7,"column":4},"end":{"line":7,"column":40}},"1":{"start":{"line":7,"column":30},"end":{"line":7,"column":40}},"2":{"start":{"line":9,"column":21},"end":{"line":9,"column":102}},"3":{"start":{"line":10,"column":28},"end":{"line":10,"column":131}},"4":{"start":{"line":11,"column":20},"end":{"line":11,"column":117}},"5":{"start":{"line":12,"column":21},"end":{"line":12,"column":145}},"6":{"start":{"line":14,"column":26},"end":{"line":39,"column":5}},"7":{"start":{"line":15,"column":21},"end":{"line":15,"column":23}},"8":{"start":{"line":16,"column":8},"end":{"line":16,"column":36}},"9":{"start":{"line":16,"column":23},"end":{"line":16,"column":36}},"10":{"start":{"line":18,"column":16},"end":{"line":18,"column":35}},"11":{"start":{"line":19,"column":16},"end":{"line":19,"column":42}},"12":{"start":{"line":20,"column":16},"end":{"line":20,"column":22}},"13":{"start":{"line":22,"column":8},"end":{"line":22,"column":41}},"14":{"start":{"line":22,"column":19},"end":{"line":22,"column":41}},"15":{"start":{"line":24,"column":8},"end":{"line":37,"column":9}},"16":{"start":{"line":25,"column":12},"end":{"line":25,"column":47}},"17":{"start":{"line":25,"column":31},"end":{"line":25,"column":47}},"18":{"start":{"line":27,"column":12},"end":{"line":36,"column":13}},"19":{"start":{"line":28,"column":16},"end":{"line":28,"column":45}},"20":{"start":{"line":30,"column":16},"end":{"line":35,"column":17}},"21":{"start":{"line":31,"column":20},"end":{"line":31,"column":41}},"22":{"start":{"line":32,"column":20},"end":{"line":32,"column":61}},"23":{"start":{"line":32,"column":31},"end":{"line":32,"column":61}},"24":{"start":{"line":33,"column":23},"end":{"line":35,"column":17}},"25":{"start":{"line":34,"column":20},"end":{"line":34,"column":42}},"26":{"start":{"line":38,"column":8},"end":{"line":38,"column":22}},"27":{"start":{"line":41,"column":18},"end":{"line":41,"column":35}},"28":{"start":{"line":42,"column":21},"end":{"line":42,"column":54}},"29":{"start":{"line":44,"column":18},"end":{"line":44,"column":20}},"30":{"start":{"line":46,"column":4},"end":{"line":62,"column":5}},"31":{"start":{"line":47,"column":8},"end":{"line":60,"column":9}},"32":{"start":{"line":48,"column":12},"end":{"line":48,"column":43}},"33":{"start":{"line":49,"column":15},"end":{"line":60,"column":9}},"34":{"start":{"line":50,"column":20},"end":{"line":50,"column":44}},"35":{"start":{"line":51,"column":20},"end":{"line":51,"column":32}},"36":{"start":{"line":52,"column":12},"end":{"line":52,"column":68}},"37":{"start":{"line":53,"column":12},"end":{"line":55,"column":13}},"38":{"start":{"line":54,"column":16},"end":{"line":54,"column":88}},"39":{"start":{"line":58,"column":12},"end":{"line":58,"column":92}},"40":{"start":{"line":59,"column":12},"end":{"line":59,"column":27}},"41":{"start":{"line":61,"column":8},"end":{"line":61,"column":54}},"42":{"start":{"line":64,"column":4},"end":{"line":67,"column":5}},"43":{"start":{"line":65,"column":8},"end":{"line":65,"column":45}},"44":{"start":{"line":65,"column":28},"end":{"line":65,"column":45}},"45":{"start":{"line":66,"column":8},"end":{"line":66,"column":89}},"46":{"start":{"line":69,"column":4},"end":{"line":69,"column":62}},"47":{"start":{"line":78,"column":4},"end":{"line":78,"column":57}},"48":{"start":{"line":78,"column":47},"end":{"line":78,"column":57}},"49":{"start":{"line":81,"column":12},"end":{"line":81,"column":44}},"50":{"start":{"line":84,"column":4},"end":{"line":84,"column":55}},"51":{"start":{"line":87,"column":4},"end":{"line":87,"column":51}},"52":{"start":{"line":96,"column":4},"end":{"line":96,"column":25}},"53":{"start":{"line":96,"column":16},"end":{"line":96,"column":25}},"54":{"start":{"line":97,"column":4},"end":{"line":97,"column":79}}},"fnMap":{"0":{"name":"valorPorExtenso","decl":{"start":{"line":6,"column":16},"end":{"line":6,"column":31}},"loc":{"start":{"line":6,"column":39},"end":{"line":70,"column":1}},"line":6},"1":{"name":"(anonymous_1)","decl":{"start":{"line":14,"column":26},"end":{"line":14,"column":27}},"loc":{"start":{"line":14,"column":33},"end":{"line":39,"column":5}},"line":14},"2":{"name":"formatCurrencyBRL","decl":{"start":{"line":77,"column":16},"end":{"line":77,"column":33}},"loc":{"start":{"line":77,"column":41},"end":{"line":88,"column":1}},"line":77},"3":{"name":"parseCurrencyBRL","decl":{"start":{"line":95,"column":16},"end":{"line":95,"column":32}},"loc":{"start":{"line":95,"column":40},"end":{"line":98,"column":1}},"line":95}},"branchMap":{"0":{"loc":{"start":{"line":7,"column":4},"end":{"line":7,"column":40}},"type":"if","locations":[{"start":{"line":7,"column":4},"end":{"line":7,"column":40}},{"start":{},"end":{}}],"line":7},"1":{"loc":{"start":{"line":7,"column":8},"end":{"line":7,"column":28}},"type":"binary-expr","locations":[{"start":{"line":7,"column":8},"end":{"line":7,"column":14}},{"start":{"line":7,"column":18},"end":{"line":7,"column":28}}],"line":7},"2":{"loc":{"start":{"line":16,"column":8},"end":{"line":16,"column":36}},"type":"if","locations":[{"start":{"line":16,"column":8},"end":{"line":16,"column":36}},{"start":{},"end":{}}],"line":16},"3":{"loc":{"start":{"line":22,"column":8},"end":{"line":22,"column":41}},"type":"if","locations":[{"start":{"line":22,"column":8},"end":{"line":22,"column":41}},{"start":{},"end":{}}],"line":22},"4":{"loc":{"start":{"line":24,"column":8},"end":{"line":37,"column":9}},"type":"if","locations":[{"start":{"line":24,"column":8},"end":{"line":37,"column":9}},{"start":{},"end":{}}],"line":24},"5":{"loc":{"start":{"line":24,"column":12},"end":{"line":24,"column":26}},"type":"binary-expr","locations":[{"start":{"line":24,"column":12},"end":{"line":24,"column":17}},{"start":{"line":24,"column":21},"end":{"line":24,"column":26}}],"line":24},"6":{"loc":{"start":{"line":25,"column":12},"end":{"line":25,"column":47}},"type":"if","locations":[{"start":{"line":25,"column":12},"end":{"line":25,"column":47}},{"start":{},"end":{}}],"line":25},"7":{"loc":{"start":{"line":27,"column":12},"end":{"line":36,"column":13}},"type":"if","locations":[{"start":{"line":27,"column":12},"end":{"line":36,"column":13}},{"start":{"line":29,"column":19},"end":{"line":36,"column":13}}],"line":27},"8":{"loc":{"start":{"line":30,"column":16},"end":{"line":35,"column":17}},"type":"if","locations":[{"start":{"line":30,"column":16},"end":{"line":35,"column":17}},{"start":{"line":33,"column":23},"end":{"line":35,"column":17}}],"line":30},"9":{"loc":{"start":{"line":32,"column":20},"end":{"line":32,"column":61}},"type":"if","locations":[{"start":{"line":32,"column":20},"end":{"line":32,"column":61}},{"start":{},"end":{}}],"line":32},"10":{"loc":{"start":{"line":33,"column":23},"end":{"line":35,"column":17}},"type":"if","locations":[{"start":{"line":33,"column":23},"end":{"line":35,"column":17}},{"start":{},"end":{}}],"line":33},"11":{"loc":{"start":{"line":46,"column":4},"end":{"line":62,"column":5}},"type":"if","locations":[{"start":{"line":46,"column":4},"end":{"line":62,"column":5}},{"start":{},"end":{}}],"line":46},"12":{"loc":{"start":{"line":47,"column":8},"end":{"line":60,"column":9}},"type":"if","locations":[{"start":{"line":47,"column":8},"end":{"line":60,"column":9}},{"start":{"line":49,"column":15},"end":{"line":60,"column":9}}],"line":47},"13":{"loc":{"start":{"line":49,"column":15},"end":{"line":60,"column":9}},"type":"if","locations":[{"start":{"line":49,"column":15},"end":{"line":60,"column":9}},{"start":{"line":56,"column":15},"end":{"line":60,"column":9}}],"line":49},"14":{"loc":{"start":{"line":52,"column":23},"end":{"line":52,"column":66}},"type":"cond-expr","locations":[{"start":{"line":52,"column":33},"end":{"line":52,"column":38}},{"start":{"line":52,"column":41},"end":{"line":52,"column":66}}],"line":52},"15":{"loc":{"start":{"line":53,"column":12},"end":{"line":55,"column":13}},"type":"if","locations":[{"start":{"line":53,"column":12},"end":{"line":55,"column":13}},{"start":{},"end":{}}],"line":53},"16":{"loc":{"start":{"line":54,"column":28},"end":{"line":54,"column":67}},"type":"cond-expr","locations":[{"start":{"line":54,"column":56},"end":{"line":54,"column":61}},{"start":{"line":54,"column":64},"end":{"line":54,"column":67}}],"line":54},"17":{"loc":{"start":{"line":54,"column":28},"end":{"line":54,"column":53}},"type":"binary-expr","locations":[{"start":{"line":54,"column":28},"end":{"line":54,"column":36}},{"start":{"line":54,"column":40},"end":{"line":54,"column":53}}],"line":54},"18":{"loc":{"start":{"line":61,"column":20},"end":{"line":61,"column":52}},"type":"cond-expr","locations":[{"start":{"line":61,"column":34},"end":{"line":61,"column":41}},{"start":{"line":61,"column":44},"end":{"line":61,"column":52}}],"line":61},"19":{"loc":{"start":{"line":64,"column":4},"end":{"line":67,"column":5}},"type":"if","locations":[{"start":{"line":64,"column":4},"end":{"line":67,"column":5}},{"start":{},"end":{}}],"line":64},"20":{"loc":{"start":{"line":65,"column":8},"end":{"line":65,"column":45}},"type":"if","locations":[{"start":{"line":65,"column":8},"end":{"line":65,"column":45}},{"start":{},"end":{}}],"line":65},"21":{"loc":{"start":{"line":66,"column":46},"end":{"line":66,"column":87}},"type":"cond-expr","locations":[{"start":{"line":66,"column":63},"end":{"line":66,"column":73}},{"start":{"line":66,"column":76},"end":{"line":66,"column":87}}],"line":66},"22":{"loc":{"start":{"line":78,"column":4},"end":{"line":78,"column":57}},"type":"if","locations":[{"start":{"line":78,"column":4},"end":{"line":78,"column":57}},{"start":{},"end":{}}],"line":78},"23":{"loc":{"start":{"line":78,"column":8},"end":{"line":78,"column":45}},"type":"binary-expr","locations":[{"start":{"line":78,"column":8},"end":{"line":78,"column":22}},{"start":{"line":78,"column":26},"end":{"line":78,"column":45}}],"line":78},"24":{"loc":{"start":{"line":96,"column":4},"end":{"line":96,"column":25}},"type":"if","locations":[{"start":{"line":96,"column":4},"end":{"line":96,"column":25}},{"start":{},"end":{}}],"line":96},"25":{"loc":{"start":{"line":97,"column":11},"end":{"line":97,"column":78}},"type":"binary-expr","locations":[{"start":{"line":97,"column":11},"end":{"line":97,"column":73}},{"start":{"line":97,"column":77},"end":{"line":97,"column":78}}],"line":97}},"s":{"0":9,"1":2,"2":7,"3":7,"4":7,"5":7,"6":7,"7":10,"8":10,"9":1,"10":9,"11":9,"12":9,"13":9,"14":2,"15":9,"16":8,"17":1,"18":8,"19":1,"20":7,"21":4,"22":4,"23":0,"24":3,"25":3,"26":9,"27":7,"28":7,"29":7,"30":7,"31":6,"32":4,"33":2,"34":2,"35":2,"36":2,"37":2,"38":2,"39":0,"40":0,"41":6,"42":7,"43":3,"44":2,"45":3,"46":7,"47":5,"48":2,"49":3,"50":3,"51":3,"52":4,"53":2,"54":2},"f":{"0":9,"1":10,"2":5,"3":4},"b":{"0":[2,7],"1":[9,8],"2":[1,9],"3":[2,7],"4":[8,1],"5":[9,4],"6":[1,7],"7":[1,7],"8":[4,3],"9":[0,4],"10":[3,0],"11":[6,1],"12":[4,2],"13":[2,0],"14":[1,1],"15":[2,0],"16":[1,1],"17":[2,2],"18":[2,4],"19":[3,4],"20":[2,1],"21":[0,3],"22":[2,3],"23":[5,4],"24":[2,2],"25":[2,0]},"meta":{"lastBranch":26,"lastFunction":4,"lastStatement":55,"seen":{"f:6:16:6:31":0,"b:7:4:7:40:undefined:undefined:undefined:undefined":0,"s:7:4:7:40":0,"b:7:8:7:14:7:18:7:28":1,"s:7:30:7:40":1,"s:9:21:9:102":2,"s:10:28:10:131":3,"s:11:20:11:117":4,"s:12:21:12:145":5,"s:14:26:39:5":6,"f:14:26:14:27":1,"s:15:21:15:23":7,"b:16:8:16:36:undefined:undefined:undefined:undefined":2,"s:16:8:16:36":8,"s:16:23:16:36":9,"s:18:16:18:35":10,"s:19:16:19:42":11,"s:20:16:20:22":12,"b:22:8:22:41:undefined:undefined:undefined:undefined":3,"s:22:8:22:41":13,"s:22:19:22:41":14,"b:24:8:37:9:undefined:undefined:undefined:undefined":4,"s:24:8:37:9":15,"b:24:12:24:17:24:21:24:26":5,"b:25:12:25:47:undefined:undefined:undefined:undefined":6,"s:25:12:25:47":16,"s:25:31:25:47":17,"b:27:12:36:13:29:19:36:13":7,"s:27:12:36:13":18,"s:28:16:28:45":19,"b:30:16:35:17:33:23:35:17":8,"s:30:16:35:17":20,"s:31:20:31:41":21,"b:32:20:32:61:undefined:undefined:undefined:undefined":9,"s:32:20:32:61":22,"s:32:31:32:61":23,"b:33:23:35:17:undefined:undefined:undefined:undefined":10,"s:33:23:35:17":24,"s:34:20:34:42":25,"s:38:8:38:22":26,"s:41:18:41:35":27,"s:42:21:42:54":28,"s:44:18:44:20":29,"b:46:4:62:5:undefined:undefined:undefined:undefined":11,"s:46:4:62:5":30,"b:47:8:60:9:49:15:60:9":12,"s:47:8:60:9":31,"s:48:12:48:43":32,"b:49:15:60:9:56:15:60:9":13,"s:49:15:60:9":33,"s:50:20:50:44":34,"s:51:20:51:32":35,"s:52:12:52:68":36,"b:52:33:52:38:52:41:52:66":14,"b:53:12:55:13:undefined:undefined:undefined:undefined":15,"s:53:12:55:13":37,"s:54:16:54:88":38,"b:54:56:54:61:54:64:54:67":16,"b:54:28:54:36:54:40:54:53":17,"s:58:12:58:92":39,"s:59:12:59:27":40,"s:61:8:61:54":41,"b:61:34:61:41:61:44:61:52":18,"b:64:4:67:5:undefined:undefined:undefined:undefined":19,"s:64:4:67:5":42,"b:65:8:65:45:undefined:undefined:undefined:undefined":20,"s:65:8:65:45":43,"s:65:28:65:45":44,"s:66:8:66:89":45,"b:66:63:66:73:66:76:66:87":21,"s:69:4:69:62":46,"f:77:16:77:33":2,"b:78:4:78:57:undefined:undefined:undefined:undefined":22,"s:78:4:78:57":47,"b:78:8:78:22:78:26:78:45":23,"s:78:47:78:57":48,"s:81:12:81:44":49,"s:84:4:84:55":50,"s:87:4:87:51":51,"f:95:16:95:32":3,"b:96:4:96:25:undefined:undefined:undefined:undefined":24,"s:96:4:96:25":52,"s:96:16:96:25":53,"s:97:4:97:79":54,"b:97:11:97:73:97:77:97:78":25}}}
,"C:\\Users\\Jeferson Lima\\Desktop\\trabalho\\Projetos\\Meu Sistema PSI\\src\\utils\\logger.js": {"path":"C:\\Users\\Jeferson Lima\\Desktop\\trabalho\\Projetos\\Meu Sistema PSI\\src\\utils\\logger.js","statementMap":{"0":{"start":{"line":14,"column":23},"end":{"line":34,"column":1}},"1":{"start":{"line":37,"column":16},"end":{"line":37,"column":33}},"2":{"start":{"line":38,"column":2},"end":{"line":38,"column":null}},"3":{"start":{"line":38,"column":36},"end":{"line":38,"column":67}},"4":{"start":{"line":42,"column":2},"end":{"line":42,"column":null}},"5":{"start":{"line":42,"column":41},"end":{"line":42,"column":null}},"6":{"start":{"line":43,"column":2},"end":{"line":43,"column":null}},"7":{"start":{"line":43,"column":31},"end":{"line":43,"column":null}},"8":{"start":{"line":45,"column":2},"end":{"line":47,"column":null}},"9":{"start":{"line":46,"column":4},"end":{"line":46,"column":null}},"10":{"start":{"line":49,"column":15},"end":{"line":49,"column":25}},"11":{"start":{"line":50,"column":2},"end":{"line":56,"column":null}},"12":{"start":{"line":51,"column":4},"end":{"line":55,"column":null}},"13":{"start":{"line":52,"column":6},"end":{"line":52,"column":null}},"14":{"start":{"line":53,"column":11},"end":{"line":55,"column":null}},"15":{"start":{"line":54,"column":6},"end":{"line":54,"column":null}},"16":{"start":{"line":57,"column":2},"end":{"line":57,"column":null}},"17":{"start":{"line":60,"column":14},"end":{"line":60,"column":33}},"18":{"start":{"line":62,"column":22},"end":{"line":78,"column":1}},"19":{"start":{"line":64,"column":4},"end":{"line":64,"column":null}},"20":{"start":{"line":64,"column":15},"end":{"line":64,"column":null}},"21":{"start":{"line":67,"column":4},"end":{"line":67,"column":null}},"22":{"start":{"line":67,"column":15},"end":{"line":67,"column":null}},"23":{"start":{"line":70,"column":4},"end":{"line":70,"column":null}},"24":{"start":{"line":70,"column":15},"end":{"line":70,"column":null}},"25":{"start":{"line":73,"column":4},"end":{"line":73,"column":null}},"26":{"start":{"line":73,"column":15},"end":{"line":73,"column":null}},"27":{"start":{"line":76,"column":4},"end":{"line":76,"column":null}},"28":{"start":{"line":76,"column":15},"end":{"line":76,"column":null}}},"fnMap":{"0":{"name":"isSensitive","decl":{"start":{"line":36,"column":9},"end":{"line":36,"column":20}},"loc":{"start":{"line":36,"column":26},"end":{"line":39,"column":null}},"line":36},"1":{"name":"(anonymous_1)","decl":{"start":{"line":38,"column":29},"end":{"line":38,"column":30}},"loc":{"start":{"line":38,"column":36},"end":{"line":38,"column":67}},"line":38},"2":{"name":"sanitize","decl":{"start":{"line":41,"column":9},"end":{"line":41,"column":17}},"loc":{"start":{"line":41,"column":23},"end":{"line":58,"column":null}},"line":41},"3":{"name":"(anonymous_3)","decl":{"start":{"line":63,"column":7},"end":{"line":63,"column":8}},"loc":{"start":{"line":63,"column":20},"end":{"line":65,"column":3}},"line":63},"4":{"name":"(anonymous_4)","decl":{"start":{"line":66,"column":9},"end":{"line":66,"column":10}},"loc":{"start":{"line":66,"column":22},"end":{"line":68,"column":3}},"line":66},"5":{"name":"(anonymous_5)","decl":{"start":{"line":69,"column":8},"end":{"line":69,"column":9}},"loc":{"start":{"line":69,"column":21},"end":{"line":71,"column":3}},"line":69},"6":{"name":"(anonymous_6)","decl":{"start":{"line":72,"column":8},"end":{"line":72,"column":9}},"loc":{"start":{"line":72,"column":21},"end":{"line":74,"column":3}},"line":72},"7":{"name":"(anonymous_7)","decl":{"start":{"line":75,"column":9},"end":{"line":75,"column":10}},"loc":{"start":{"line":75,"column":22},"end":{"line":77,"column":3}},"line":75}},"branchMap":{"0":{"loc":{"start":{"line":42,"column":2},"end":{"line":42,"column":null}},"type":"if","locations":[{"start":{"line":42,"column":2},"end":{"line":42,"column":null}},{"start":{},"end":{}}],"line":42},"1":{"loc":{"start":{"line":42,"column":6},"end":{"line":42,"column":39}},"type":"binary-expr","locations":[{"start":{"line":42,"column":6},"end":{"line":42,"column":18}},{"start":{"line":42,"column":22},"end":{"line":42,"column":39}}],"line":42},"2":{"loc":{"start":{"line":43,"column":2},"end":{"line":43,"column":null}},"type":"if","locations":[{"start":{"line":43,"column":2},"end":{"line":43,"column":null}},{"start":{},"end":{}}],"line":43},"3":{"loc":{"start":{"line":45,"column":2},"end":{"line":47,"column":null}},"type":"if","locations":[{"start":{"line":45,"column":2},"end":{"line":47,"column":null}},{"start":{},"end":{}}],"line":45},"4":{"loc":{"start":{"line":51,"column":4},"end":{"line":55,"column":null}},"type":"if","locations":[{"start":{"line":51,"column":4},"end":{"line":55,"column":null}},{"start":{"line":53,"column":11},"end":{"line":55,"column":null}}],"line":51},"5":{"loc":{"start":{"line":53,"column":11},"end":{"line":55,"column":null}},"type":"if","locations":[{"start":{"line":53,"column":11},"end":{"line":55,"column":null}},{"start":{},"end":{}}],"line":53},"6":{"loc":{"start":{"line":53,"column":15},"end":{"line":53,"column":66}},"type":"binary-expr","locations":[{"start":{"line":53,"column":15},"end":{"line":53,"column":33}},{"start":{"line":53,"column":37},"end":{"line":53,"column":66}}],"line":53},"7":{"loc":{"start":{"line":64,"column":4},"end":{"line":64,"column":null}},"type":"if","locations":[{"start":{"line":64,"column":4},"end":{"line":64,"column":null}},{"start":{},"end":{}}],"line":64},"8":{"loc":{"start":{"line":67,"column":4},"end":{"line":67,"column":null}},"type":"if","locations":[{"start":{"line":67,"column":4},"end":{"line":67,"column":null}},{"start":{},"end":{}}],"line":67},"9":{"loc":{"start":{"line":70,"column":4},"end":{"line":70,"column":null}},"type":"if","locations":[{"start":{"line":70,"column":4},"end":{"line":70,"column":null}},{"start":{},"end":{}}],"line":70},"10":{"loc":{"start":{"line":73,"column":4},"end":{"line":73,"column":null}},"type":"if","locations":[{"start":{"line":73,"column":4},"end":{"line":73,"column":null}},{"start":{},"end":{}}],"line":73},"11":{"loc":{"start":{"line":76,"column":4},"end":{"line":76,"column":null}},"type":"if","locations":[{"start":{"line":76,"column":4},"end":{"line":76,"column":null}},{"start":{},"end":{}}],"line":76}},"s":{"0":2,"1":10,"2":10,"3":88,"4":11,"5":0,"6":11,"7":4,"8":7,"9":1,"10":6,"11":6,"12":10,"13":7,"14":3,"15":1,"16":6,"17":2,"18":2,"19":3,"20":3,"21":1,"22":1,"23":0,"24":0,"25":0,"26":0,"27":0,"28":0},"f":{"0":10,"1":88,"2":11,"3":3,"4":1,"5":0,"6":0,"7":0},"b":{"0":[0,11],"1":[11,11],"2":[4,7],"3":[1,6],"4":[7,3],"5":[1,2],"6":[3,3],"7":[3,0],"8":[1,0],"9":[0,0],"10":[0,0],"11":[0,0]},"meta":{"lastBranch":12,"lastFunction":8,"lastStatement":29,"seen":{"s:14:23:34:1":0,"f:36:9:36:20":0,"s:37:16:37:33":1,"s:38:2:38:Infinity":2,"f:38:29:38:30":1,"s:38:36:38:67":3,"f:41:9:41:17":2,"b:42:2:42:Infinity:undefined:undefined:undefined:undefined":0,"s:42:2:42:Infinity":4,"b:42:6:42:18:42:22:42:39":1,"s:42:41:42:Infinity":5,"b:43:2:43:Infinity:undefined:undefined:undefined:undefined":2,"s:43:2:43:Infinity":6,"s:43:31:43:Infinity":7,"b:45:2:47:Infinity:undefined:undefined:undefined:undefined":3,"s:45:2:47:Infinity":8,"s:46:4:46:Infinity":9,"s:49:15:49:25":10,"s:50:2:56:Infinity":11,"b:51:4:55:Infinity:53:11:55:Infinity":4,"s:51:4:55:Infinity":12,"s:52:6:52:Infinity":13,"b:53:11:55:Infinity:undefined:undefined:undefined:undefined":5,"s:53:11:55:Infinity":14,"b:53:15:53:33:53:37:53:66":6,"s:54:6:54:Infinity":15,"s:57:2:57:Infinity":16,"s:60:14:60:33":17,"s:62:22:78:1":18,"f:63:7:63:8":3,"b:64:4:64:Infinity:undefined:undefined:undefined:undefined":7,"s:64:4:64:Infinity":19,"s:64:15:64:Infinity":20,"f:66:9:66:10":4,"b:67:4:67:Infinity:undefined:undefined:undefined:undefined":8,"s:67:4:67:Infinity":21,"s:67:15:67:Infinity":22,"f:69:8:69:9":5,"b:70:4:70:Infinity:undefined:undefined:undefined:undefined":9,"s:70:4:70:Infinity":23,"s:70:15:70:Infinity":24,"f:72:8:72:9":6,"b:73:4:73:Infinity:undefined:undefined:undefined:undefined":10,"s:73:4:73:Infinity":25,"s:73:15:73:Infinity":26,"f:75:9:75:10":7,"b:76:4:76:Infinity:undefined:undefined:undefined:undefined":11,"s:76:4:76:Infinity":27,"s:76:15:76:Infinity":28}}}
}
